INFO: Running with entropic power schedule (0xFF, 100).
INFO: Seed: 1180243526
MERGE-OUTER: 502 files, 0 in the initial corpus, 0 processed earlier
MERGE-OUTER: attempt 1
INFO: Running with entropic power schedule (0xFF, 100).
INFO: Seed: 1180260734
INFO: -max_len is not provided; libFuzzer will not generate inputs larger than 1048576 bytes
MERGE-INNER: using the control file '/tmp/libFuzzerTemp.Merge93.txt'
MERGE-INNER: 502 total files; 0 processed earlier; will process 502 files now
#1	pulse  exec/s: 0 rss: 30Mb
#2	pulse  exec/s: 0 rss: 30Mb
#4	pulse  exec/s: 0 rss: 31Mb
#8	pulse  exec/s: 0 rss: 31Mb
#16	pulse  exec/s: 0 rss: 31Mb
#32	pulse  exec/s: 0 rss: 31Mb
#64	pulse  exec/s: 0 rss: 31Mb
#128	pulse  exec/s: 0 rss: 31Mb
#256	pulse  exec/s: 0 rss: 31Mb
#502	DONE   exec/s: 0 rss: 32Mb
MERGE-OUTER: successful in 1 attempt(s)
MERGE-OUTER: the control file has 60588 bytes
MERGE-OUTER: consumed 0Mb (29Mb rss) to parse the control file
MERGE-OUTER: 0 new files with 0 new features added; 0 new coverage edges
