INFO: Running with entropic power schedule (0xFF, 100).
INFO: Seed: 1789540327
MERGE-OUTER: 79 files, 0 in the initial corpus, 0 processed earlier
MERGE-OUTER: attempt 1
INFO: Running with entropic power schedule (0xFF, 100).
INFO: Seed: 1789552845
INFO: -max_len is not provided; libFuzzer will not generate inputs larger than 1048576 bytes
MERGE-INNER: using the control file '/tmp/libFuzzerTemp.Merge83.txt'
MERGE-INNER: 79 total files; 0 processed earlier; will process 79 files now
#1	pulse  exec/s: 0 rss: 27Mb
#2	pulse  exec/s: 0 rss: 28Mb
#4	pulse  exec/s: 0 rss: 28Mb
#8	pulse  exec/s: 0 rss: 29Mb
#16	pulse  exec/s: 0 rss: 29Mb
#32	pulse  exec/s: 0 rss: 29Mb
#64	pulse  exec/s: 0 rss: 29Mb
#79	DONE   exec/s: 0 rss: 29Mb
MERGE-OUTER: successful in 1 attempt(s)
MERGE-OUTER: the control file has 9160 bytes
MERGE-OUTER: consumed 0Mb (27Mb rss) to parse the control file
MERGE-OUTER: 0 new files with 0 new features added; 0 new coverage edges
